九月 15, 2017 4:15:08 上午 org.apache.catalina.startup.VersionLoggerListener log
信息: Server version:        Apache Tomcat/7.0.73
九月 15, 2017 4:15:08 上午 org.apache.catalina.startup.VersionLoggerListener log
信息: Server built:          Nov 7 2016 21:27:23 UTC
九月 15, 2017 4:15:08 上午 org.apache.catalina.startup.VersionLoggerListener log
信息: Server number:         7.0.73.0
九月 15, 2017 4:15:08 上午 org.apache.catalina.startup.VersionLoggerListener log
信息: OS Name:               Windows 10
九月 15, 2017 4:15:08 上午 org.apache.catalina.startup.VersionLoggerListener log
信息: OS Version:            10.0
九月 15, 2017 4:15:08 上午 org.apache.catalina.startup.VersionLoggerListener log
信息: Architecture:          amd64
九月 15, 2017 4:15:08 上午 org.apache.catalina.startup.VersionLoggerListener log
信息: Java Home:             C:\Program Files\Java\jdk1.8.0_101\jre
九月 15, 2017 4:15:08 上午 org.apache.catalina.startup.VersionLoggerListener log
信息: JVM Version:           1.8.0_101-b13
九月 15, 2017 4:15:08 上午 org.apache.catalina.startup.VersionLoggerListener log
信息: JVM Vendor:            Oracle Corporation
九月 15, 2017 4:15:08 上午 org.apache.catalina.startup.VersionLoggerListener log
信息: CATALINA_BASE:         F:\Program Files (x86)\study\util\开发工具\dubbo\dubbo-admin-tomcat-7.0.73
九月 15, 2017 4:15:08 上午 org.apache.catalina.startup.VersionLoggerListener log
信息: CATALINA_HOME:         F:\Program Files (x86)\study\util\开发工具\dubbo\dubbo-admin-tomcat-7.0.73
九月 15, 2017 4:15:08 上午 org.apache.catalina.startup.VersionLoggerListener log
信息: Command line argument: -Djdk.tls.ephemeralDHKeySize=2048
九月 15, 2017 4:15:08 上午 org.apache.catalina.startup.VersionLoggerListener log
信息: Command line argument: -Djava.util.logging.config.file=F:\Program Files (x86)\study\util\开发工具\dubbo\dubbo-admin-tomcat-7.0.73\conf\logging.properties
九月 15, 2017 4:15:08 上午 org.apache.catalina.startup.VersionLoggerListener log
信息: Command line argument: -Djava.util.logging.manager=org.apache.juli.ClassLoaderLogManager
九月 15, 2017 4:15:08 上午 org.apache.catalina.startup.VersionLoggerListener log
信息: Command line argument: -Djava.endorsed.dirs=F:\Program Files (x86)\study\util\开发工具\dubbo\dubbo-admin-tomcat-7.0.73\endorsed
九月 15, 2017 4:15:08 上午 org.apache.catalina.startup.VersionLoggerListener log
信息: Command line argument: -Dcatalina.base=F:\Program Files (x86)\study\util\开发工具\dubbo\dubbo-admin-tomcat-7.0.73
九月 15, 2017 4:15:08 上午 org.apache.catalina.startup.VersionLoggerListener log
信息: Command line argument: -Dcatalina.home=F:\Program Files (x86)\study\util\开发工具\dubbo\dubbo-admin-tomcat-7.0.73
九月 15, 2017 4:15:08 上午 org.apache.catalina.startup.VersionLoggerListener log
信息: Command line argument: -Djava.io.tmpdir=F:\Program Files (x86)\study\util\开发工具\dubbo\dubbo-admin-tomcat-7.0.73\temp
九月 15, 2017 4:15:08 上午 org.apache.catalina.core.AprLifecycleListener lifecycleEvent
信息: Loaded APR based Apache Tomcat Native library 1.2.10 using APR version 1.5.2.
九月 15, 2017 4:15:08 上午 org.apache.catalina.core.AprLifecycleListener lifecycleEvent
信息: APR capabilities: IPv6 [true], sendfile [true], accept filters [false], random [true].
九月 15, 2017 4:15:10 上午 org.apache.catalina.core.AprLifecycleListener initializeSSL
信息: OpenSSL successfully initialized (OpenSSL 1.0.2j  26 Sep 2016)
九月 15, 2017 4:15:10 上午 org.apache.coyote.AbstractProtocol init
信息: Initializing ProtocolHandler ["http-apr-8191"]
九月 15, 2017 4:15:10 上午 org.apache.coyote.AbstractProtocol init
信息: Initializing ProtocolHandler ["ajp-apr-8009"]
九月 15, 2017 4:15:10 上午 org.apache.catalina.startup.Catalina load
信息: Initialization processed in 2949 ms
九月 15, 2017 4:15:10 上午 org.apache.catalina.core.StandardService startInternal
信息: Starting service Catalina
九月 15, 2017 4:15:10 上午 org.apache.catalina.core.StandardEngine startInternal
信息: Starting Servlet Engine: Apache Tomcat/7.0.73
九月 15, 2017 4:15:11 上午 org.apache.catalina.startup.HostConfig deployWAR
信息: Deploying web application archive F:\Program Files (x86)\study\util\开发工具\dubbo\dubbo-admin-tomcat-7.0.73\webapps\dubbo-admin-2.5.5.war
九月 15, 2017 4:15:23 上午 org.apache.catalina.startup.TldConfig execute
信息: At least one JAR was scanned for TLDs yet contained no TLDs. Enable debug logging for this logger for a complete list of JARs that were scanned but no TLDs were found in them. Skipping unneeded JARs during scanning can improve startup time and JSP compilation time.
九月 15, 2017 4:16:26 上午 org.apache.catalina.startup.HostConfig deployWAR
信息: Deployment of web application archive F:\Program Files (x86)\study\util\开发工具\dubbo\dubbo-admin-tomcat-7.0.73\webapps\dubbo-admin-2.5.5.war has finished in 74,927 ms
九月 15, 2017 4:16:26 上午 org.apache.catalina.startup.HostConfig deployDirectory
信息: Deploying web application directory F:\Program Files (x86)\study\util\开发工具\dubbo\dubbo-admin-tomcat-7.0.73\webapps\docs
九月 15, 2017 4:16:26 上午 org.apache.catalina.startup.HostConfig deployDirectory
信息: Deployment of web application directory F:\Program Files (x86)\study\util\开发工具\dubbo\dubbo-admin-tomcat-7.0.73\webapps\docs has finished in 99 ms
九月 15, 2017 4:16:26 上午 org.apache.catalina.startup.HostConfig deployDirectory
信息: Deploying web application directory F:\Program Files (x86)\study\util\开发工具\dubbo\dubbo-admin-tomcat-7.0.73\webapps\examples
九月 15, 2017 4:16:26 上午 org.apache.catalina.startup.HostConfig deployDirectory
信息: Deployment of web application directory F:\Program Files (x86)\study\util\开发工具\dubbo\dubbo-admin-tomcat-7.0.73\webapps\examples has finished in 557 ms
九月 15, 2017 4:16:26 上午 org.apache.catalina.startup.HostConfig deployDirectory
信息: Deploying web application directory F:\Program Files (x86)\study\util\开发工具\dubbo\dubbo-admin-tomcat-7.0.73\webapps\host-manager
九月 15, 2017 4:16:26 上午 org.apache.catalina.startup.HostConfig deployDirectory
信息: Deployment of web application directory F:\Program Files (x86)\study\util\开发工具\dubbo\dubbo-admin-tomcat-7.0.73\webapps\host-manager has finished in 111 ms
九月 15, 2017 4:16:26 上午 org.apache.catalina.startup.HostConfig deployDirectory
信息: Deploying web application directory F:\Program Files (x86)\study\util\开发工具\dubbo\dubbo-admin-tomcat-7.0.73\webapps\manager
九月 15, 2017 4:16:26 上午 org.apache.catalina.startup.HostConfig deployDirectory
信息: Deployment of web application directory F:\Program Files (x86)\study\util\开发工具\dubbo\dubbo-admin-tomcat-7.0.73\webapps\manager has finished in 67 ms
九月 15, 2017 4:16:26 上午 org.apache.catalina.startup.HostConfig deployDirectory
信息: Deploying web application directory F:\Program Files (x86)\study\util\开发工具\dubbo\dubbo-admin-tomcat-7.0.73\webapps\ROOT
九月 15, 2017 4:16:26 上午 org.apache.catalina.startup.HostConfig deployDirectory
信息: Deployment of web application directory F:\Program Files (x86)\study\util\开发工具\dubbo\dubbo-admin-tomcat-7.0.73\webapps\ROOT has finished in 93 ms
九月 15, 2017 4:16:26 上午 org.apache.coyote.AbstractProtocol start
信息: Starting ProtocolHandler ["http-apr-8191"]
九月 15, 2017 4:16:27 上午 org.apache.coyote.AbstractProtocol start
信息: Starting ProtocolHandler ["ajp-apr-8009"]
九月 15, 2017 4:16:27 上午 org.apache.catalina.startup.Catalina start
信息: Server startup in 76548 ms
九月 15, 2017 5:02:58 上午 org.apache.catalina.startup.VersionLoggerListener log
信息: Server version:        Apache Tomcat/7.0.73
九月 15, 2017 5:02:58 上午 org.apache.catalina.startup.VersionLoggerListener log
信息: Server built:          Nov 7 2016 21:27:23 UTC
九月 15, 2017 5:02:58 上午 org.apache.catalina.startup.VersionLoggerListener log
信息: Server number:         7.0.73.0
九月 15, 2017 5:02:58 上午 org.apache.catalina.startup.VersionLoggerListener log
信息: OS Name:               Windows 10
九月 15, 2017 5:02:58 上午 org.apache.catalina.startup.VersionLoggerListener log
信息: OS Version:            10.0
九月 15, 2017 5:02:58 上午 org.apache.catalina.startup.VersionLoggerListener log
信息: Architecture:          amd64
九月 15, 2017 5:02:58 上午 org.apache.catalina.startup.VersionLoggerListener log
信息: Java Home:             C:\Program Files\Java\jdk1.8.0_101\jre
九月 15, 2017 5:02:58 上午 org.apache.catalina.startup.VersionLoggerListener log
信息: JVM Version:           1.8.0_101-b13
九月 15, 2017 5:02:58 上午 org.apache.catalina.startup.VersionLoggerListener log
信息: JVM Vendor:            Oracle Corporation
九月 15, 2017 5:02:58 上午 org.apache.catalina.startup.VersionLoggerListener log
信息: CATALINA_BASE:         F:\Program Files (x86)\study\util\开发工具\dubbo\dubbo-admin-tomcat-7.0.73
九月 15, 2017 5:02:58 上午 org.apache.catalina.startup.VersionLoggerListener log
信息: CATALINA_HOME:         F:\Program Files (x86)\study\util\开发工具\dubbo\dubbo-admin-tomcat-7.0.73
九月 15, 2017 5:02:58 上午 org.apache.catalina.startup.VersionLoggerListener log
信息: Command line argument: -Djdk.tls.ephemeralDHKeySize=2048
九月 15, 2017 5:02:58 上午 org.apache.catalina.startup.VersionLoggerListener log
信息: Command line argument: -Djava.util.logging.config.file=F:\Program Files (x86)\study\util\开发工具\dubbo\dubbo-admin-tomcat-7.0.73\conf\logging.properties
九月 15, 2017 5:02:58 上午 org.apache.catalina.startup.VersionLoggerListener log
信息: Command line argument: -Djava.util.logging.manager=org.apache.juli.ClassLoaderLogManager
九月 15, 2017 5:02:58 上午 org.apache.catalina.startup.VersionLoggerListener log
信息: Command line argument: -Djava.endorsed.dirs=F:\Program Files (x86)\study\util\开发工具\dubbo\dubbo-admin-tomcat-7.0.73\endorsed
九月 15, 2017 5:02:58 上午 org.apache.catalina.startup.VersionLoggerListener log
信息: Command line argument: -Dcatalina.base=F:\Program Files (x86)\study\util\开发工具\dubbo\dubbo-admin-tomcat-7.0.73
九月 15, 2017 5:02:58 上午 org.apache.catalina.startup.VersionLoggerListener log
信息: Command line argument: -Dcatalina.home=F:\Program Files (x86)\study\util\开发工具\dubbo\dubbo-admin-tomcat-7.0.73
九月 15, 2017 5:02:58 上午 org.apache.catalina.startup.VersionLoggerListener log
信息: Command line argument: -Djava.io.tmpdir=F:\Program Files (x86)\study\util\开发工具\dubbo\dubbo-admin-tomcat-7.0.73\temp
九月 15, 2017 5:02:58 上午 org.apache.catalina.core.AprLifecycleListener lifecycleEvent
信息: Loaded APR based Apache Tomcat Native library 1.2.10 using APR version 1.5.2.
九月 15, 2017 5:02:58 上午 org.apache.catalina.core.AprLifecycleListener lifecycleEvent
信息: APR capabilities: IPv6 [true], sendfile [true], accept filters [false], random [true].
九月 15, 2017 5:03:00 上午 org.apache.catalina.core.AprLifecycleListener initializeSSL
信息: OpenSSL successfully initialized (OpenSSL 1.0.2j  26 Sep 2016)
九月 15, 2017 5:03:00 上午 org.apache.coyote.AbstractProtocol init
信息: Initializing ProtocolHandler ["http-apr-8191"]
九月 15, 2017 5:03:00 上午 org.apache.coyote.AbstractProtocol init
信息: Initializing ProtocolHandler ["ajp-apr-8009"]
九月 15, 2017 5:03:00 上午 org.apache.catalina.startup.Catalina load
信息: Initialization processed in 2671 ms
九月 15, 2017 5:03:00 上午 org.apache.catalina.core.StandardService startInternal
信息: Starting service Catalina
九月 15, 2017 5:03:00 上午 org.apache.catalina.core.StandardEngine startInternal
信息: Starting Servlet Engine: Apache Tomcat/7.0.73
九月 15, 2017 5:03:00 上午 org.apache.catalina.startup.HostConfig deployWAR
信息: Deploying web application archive F:\Program Files (x86)\study\util\开发工具\dubbo\dubbo-admin-tomcat-7.0.73\webapps\dubbo-admin-2.5.5.war
九月 15, 2017 5:03:10 上午 org.apache.catalina.startup.TldConfig execute
信息: At least one JAR was scanned for TLDs yet contained no TLDs. Enable debug logging for this logger for a complete list of JARs that were scanned but no TLDs were found in them. Skipping unneeded JARs during scanning can improve startup time and JSP compilation time.
九月 15, 2017 5:03:55 上午 org.apache.catalina.startup.HostConfig deployWAR
信息: Deployment of web application archive F:\Program Files (x86)\study\util\开发工具\dubbo\dubbo-admin-tomcat-7.0.73\webapps\dubbo-admin-2.5.5.war has finished in 54,664 ms
九月 15, 2017 5:03:55 上午 org.apache.catalina.startup.HostConfig deployDirectory
信息: Deploying web application directory F:\Program Files (x86)\study\util\开发工具\dubbo\dubbo-admin-tomcat-7.0.73\webapps\docs
九月 15, 2017 5:03:55 上午 org.apache.catalina.startup.HostConfig deployDirectory
信息: Deployment of web application directory F:\Program Files (x86)\study\util\开发工具\dubbo\dubbo-admin-tomcat-7.0.73\webapps\docs has finished in 137 ms
九月 15, 2017 5:03:55 上午 org.apache.catalina.startup.HostConfig deployDirectory
信息: Deploying web application directory F:\Program Files (x86)\study\util\开发工具\dubbo\dubbo-admin-tomcat-7.0.73\webapps\examples
九月 15, 2017 5:03:56 上午 org.apache.catalina.startup.HostConfig deployDirectory
信息: Deployment of web application directory F:\Program Files (x86)\study\util\开发工具\dubbo\dubbo-admin-tomcat-7.0.73\webapps\examples has finished in 514 ms
九月 15, 2017 5:03:56 上午 org.apache.catalina.startup.HostConfig deployDirectory
信息: Deploying web application directory F:\Program Files (x86)\study\util\开发工具\dubbo\dubbo-admin-tomcat-7.0.73\webapps\host-manager
九月 15, 2017 5:03:56 上午 org.apache.catalina.startup.HostConfig deployDirectory
信息: Deployment of web application directory F:\Program Files (x86)\study\util\开发工具\dubbo\dubbo-admin-tomcat-7.0.73\webapps\host-manager has finished in 75 ms
九月 15, 2017 5:03:56 上午 org.apache.catalina.startup.HostConfig deployDirectory
信息: Deploying web application directory F:\Program Files (x86)\study\util\开发工具\dubbo\dubbo-admin-tomcat-7.0.73\webapps\manager
九月 15, 2017 5:03:56 上午 org.apache.catalina.startup.HostConfig deployDirectory
信息: Deployment of web application directory F:\Program Files (x86)\study\util\开发工具\dubbo\dubbo-admin-tomcat-7.0.73\webapps\manager has finished in 104 ms
九月 15, 2017 5:03:56 上午 org.apache.catalina.startup.HostConfig deployDirectory
信息: Deploying web application directory F:\Program Files (x86)\study\util\开发工具\dubbo\dubbo-admin-tomcat-7.0.73\webapps\ROOT
九月 15, 2017 5:03:56 上午 org.apache.catalina.startup.HostConfig deployDirectory
信息: Deployment of web application directory F:\Program Files (x86)\study\util\开发工具\dubbo\dubbo-admin-tomcat-7.0.73\webapps\ROOT has finished in 87 ms
九月 15, 2017 5:03:56 上午 org.apache.coyote.AbstractProtocol start
信息: Starting ProtocolHandler ["http-apr-8191"]
九月 15, 2017 5:03:56 上午 org.apache.coyote.AbstractProtocol start
信息: Starting ProtocolHandler ["ajp-apr-8009"]
九月 15, 2017 5:03:56 上午 org.apache.catalina.startup.Catalina start
信息: Server startup in 55918 ms
九月 15, 2017 5:28:08 上午 org.apache.catalina.core.StandardServer await
警告: StandardServer.await: Invalid command '' received
九月 15, 2017 5:31:21 上午 org.apache.catalina.core.StandardServer await
警告: StandardServer.await: Invalid command '' received
九月 15, 2017 6:27:16 上午 org.apache.catalina.startup.VersionLoggerListener log
信息: Server version:        Apache Tomcat/7.0.73
九月 15, 2017 6:27:16 上午 org.apache.catalina.startup.VersionLoggerListener log
信息: Server built:          Nov 7 2016 21:27:23 UTC
九月 15, 2017 6:27:16 上午 org.apache.catalina.startup.VersionLoggerListener log
信息: Server number:         7.0.73.0
九月 15, 2017 6:27:16 上午 org.apache.catalina.startup.VersionLoggerListener log
信息: OS Name:               Windows 10
九月 15, 2017 6:27:16 上午 org.apache.catalina.startup.VersionLoggerListener log
信息: OS Version:            10.0
九月 15, 2017 6:27:16 上午 org.apache.catalina.startup.VersionLoggerListener log
信息: Architecture:          amd64
九月 15, 2017 6:27:16 上午 org.apache.catalina.startup.VersionLoggerListener log
信息: Java Home:             C:\Program Files\Java\jdk1.8.0_101\jre
九月 15, 2017 6:27:16 上午 org.apache.catalina.startup.VersionLoggerListener log
信息: JVM Version:           1.8.0_101-b13
九月 15, 2017 6:27:16 上午 org.apache.catalina.startup.VersionLoggerListener log
信息: JVM Vendor:            Oracle Corporation
九月 15, 2017 6:27:16 上午 org.apache.catalina.startup.VersionLoggerListener log
信息: CATALINA_BASE:         F:\Program Files (x86)\study\util\开发工具\dubbo\dubbo-admin-tomcat-7.0.73
九月 15, 2017 6:27:16 上午 org.apache.catalina.startup.VersionLoggerListener log
信息: CATALINA_HOME:         F:\Program Files (x86)\study\util\开发工具\dubbo\dubbo-admin-tomcat-7.0.73
九月 15, 2017 6:27:16 上午 org.apache.catalina.startup.VersionLoggerListener log
信息: Command line argument: -Djdk.tls.ephemeralDHKeySize=2048
九月 15, 2017 6:27:16 上午 org.apache.catalina.startup.VersionLoggerListener log
信息: Command line argument: -Djava.util.logging.config.file=F:\Program Files (x86)\study\util\开发工具\dubbo\dubbo-admin-tomcat-7.0.73\conf\logging.properties
九月 15, 2017 6:27:16 上午 org.apache.catalina.startup.VersionLoggerListener log
信息: Command line argument: -Djava.util.logging.manager=org.apache.juli.ClassLoaderLogManager
九月 15, 2017 6:27:16 上午 org.apache.catalina.startup.VersionLoggerListener log
信息: Command line argument: -Djava.endorsed.dirs=F:\Program Files (x86)\study\util\开发工具\dubbo\dubbo-admin-tomcat-7.0.73\endorsed
九月 15, 2017 6:27:16 上午 org.apache.catalina.startup.VersionLoggerListener log
信息: Command line argument: -Dcatalina.base=F:\Program Files (x86)\study\util\开发工具\dubbo\dubbo-admin-tomcat-7.0.73
九月 15, 2017 6:27:16 上午 org.apache.catalina.startup.VersionLoggerListener log
信息: Command line argument: -Dcatalina.home=F:\Program Files (x86)\study\util\开发工具\dubbo\dubbo-admin-tomcat-7.0.73
九月 15, 2017 6:27:16 上午 org.apache.catalina.startup.VersionLoggerListener log
信息: Command line argument: -Djava.io.tmpdir=F:\Program Files (x86)\study\util\开发工具\dubbo\dubbo-admin-tomcat-7.0.73\temp
九月 15, 2017 6:27:16 上午 org.apache.catalina.core.AprLifecycleListener lifecycleEvent
信息: Loaded APR based Apache Tomcat Native library 1.2.10 using APR version 1.5.2.
九月 15, 2017 6:27:16 上午 org.apache.catalina.core.AprLifecycleListener lifecycleEvent
信息: APR capabilities: IPv6 [true], sendfile [true], accept filters [false], random [true].
九月 15, 2017 6:27:17 上午 org.apache.catalina.core.AprLifecycleListener initializeSSL
信息: OpenSSL successfully initialized (OpenSSL 1.0.2j  26 Sep 2016)
九月 15, 2017 6:27:17 上午 org.apache.coyote.AbstractProtocol init
信息: Initializing ProtocolHandler ["http-apr-8191"]
九月 15, 2017 6:27:17 上午 org.apache.coyote.AbstractProtocol init
信息: Initializing ProtocolHandler ["ajp-apr-8009"]
九月 15, 2017 6:27:17 上午 org.apache.catalina.startup.Catalina load
信息: Initialization processed in 2559 ms
九月 15, 2017 6:27:17 上午 org.apache.catalina.core.StandardService startInternal
信息: Starting service Catalina
九月 15, 2017 6:27:17 上午 org.apache.catalina.core.StandardEngine startInternal
信息: Starting Servlet Engine: Apache Tomcat/7.0.73
九月 15, 2017 6:27:17 上午 org.apache.catalina.startup.HostConfig deployWAR
信息: Deploying web application archive F:\Program Files (x86)\study\util\开发工具\dubbo\dubbo-admin-tomcat-7.0.73\webapps\dubbo-admin-2.5.5.war
九月 15, 2017 6:27:26 上午 org.apache.catalina.startup.TldConfig execute
信息: At least one JAR was scanned for TLDs yet contained no TLDs. Enable debug logging for this logger for a complete list of JARs that were scanned but no TLDs were found in them. Skipping unneeded JARs during scanning can improve startup time and JSP compilation time.
九月 15, 2017 6:32:17 上午 org.apache.catalina.startup.VersionLoggerListener log
信息: Server version:        Apache Tomcat/7.0.73
九月 15, 2017 6:32:17 上午 org.apache.catalina.startup.VersionLoggerListener log
信息: Server built:          Nov 7 2016 21:27:23 UTC
九月 15, 2017 6:32:17 上午 org.apache.catalina.startup.VersionLoggerListener log
信息: Server number:         7.0.73.0
九月 15, 2017 6:32:17 上午 org.apache.catalina.startup.VersionLoggerListener log
信息: OS Name:               Windows 10
九月 15, 2017 6:32:17 上午 org.apache.catalina.startup.VersionLoggerListener log
信息: OS Version:            10.0
九月 15, 2017 6:32:17 上午 org.apache.catalina.startup.VersionLoggerListener log
信息: Architecture:          amd64
九月 15, 2017 6:32:17 上午 org.apache.catalina.startup.VersionLoggerListener log
信息: Java Home:             C:\Program Files\Java\jdk1.8.0_101\jre
九月 15, 2017 6:32:17 上午 org.apache.catalina.startup.VersionLoggerListener log
信息: JVM Version:           1.8.0_101-b13
九月 15, 2017 6:32:17 上午 org.apache.catalina.startup.VersionLoggerListener log
信息: JVM Vendor:            Oracle Corporation
九月 15, 2017 6:32:17 上午 org.apache.catalina.startup.VersionLoggerListener log
信息: CATALINA_BASE:         F:\Program Files (x86)\study\util\开发工具\dubbo\dubbo-admin-tomcat-7.0.73
九月 15, 2017 6:32:17 上午 org.apache.catalina.startup.VersionLoggerListener log
信息: CATALINA_HOME:         F:\Program Files (x86)\study\util\开发工具\dubbo\dubbo-admin-tomcat-7.0.73
九月 15, 2017 6:32:17 上午 org.apache.catalina.startup.VersionLoggerListener log
信息: Command line argument: -Djdk.tls.ephemeralDHKeySize=2048
九月 15, 2017 6:32:17 上午 org.apache.catalina.startup.VersionLoggerListener log
信息: Command line argument: -Djava.util.logging.config.file=F:\Program Files (x86)\study\util\开发工具\dubbo\dubbo-admin-tomcat-7.0.73\conf\logging.properties
九月 15, 2017 6:32:17 上午 org.apache.catalina.startup.VersionLoggerListener log
信息: Command line argument: -Djava.util.logging.manager=org.apache.juli.ClassLoaderLogManager
九月 15, 2017 6:32:17 上午 org.apache.catalina.startup.VersionLoggerListener log
信息: Command line argument: -Djava.endorsed.dirs=F:\Program Files (x86)\study\util\开发工具\dubbo\dubbo-admin-tomcat-7.0.73\endorsed
九月 15, 2017 6:32:17 上午 org.apache.catalina.startup.VersionLoggerListener log
信息: Command line argument: -Dcatalina.base=F:\Program Files (x86)\study\util\开发工具\dubbo\dubbo-admin-tomcat-7.0.73
九月 15, 2017 6:32:17 上午 org.apache.catalina.startup.VersionLoggerListener log
信息: Command line argument: -Dcatalina.home=F:\Program Files (x86)\study\util\开发工具\dubbo\dubbo-admin-tomcat-7.0.73
九月 15, 2017 6:32:17 上午 org.apache.catalina.startup.VersionLoggerListener log
信息: Command line argument: -Djava.io.tmpdir=F:\Program Files (x86)\study\util\开发工具\dubbo\dubbo-admin-tomcat-7.0.73\temp
九月 15, 2017 6:32:17 上午 org.apache.catalina.core.AprLifecycleListener lifecycleEvent
信息: Loaded APR based Apache Tomcat Native library 1.2.10 using APR version 1.5.2.
九月 15, 2017 6:32:17 上午 org.apache.catalina.core.AprLifecycleListener lifecycleEvent
信息: APR capabilities: IPv6 [true], sendfile [true], accept filters [false], random [true].
九月 15, 2017 6:32:18 上午 org.apache.catalina.core.AprLifecycleListener initializeSSL
信息: OpenSSL successfully initialized (OpenSSL 1.0.2j  26 Sep 2016)
九月 15, 2017 6:32:18 上午 org.apache.coyote.AbstractProtocol init
信息: Initializing ProtocolHandler ["http-apr-8191"]
九月 15, 2017 6:32:18 上午 org.apache.coyote.AbstractProtocol init
信息: Initializing ProtocolHandler ["ajp-apr-8009"]
九月 15, 2017 6:32:18 上午 org.apache.catalina.startup.Catalina load
信息: Initialization processed in 2592 ms
九月 15, 2017 6:32:18 上午 org.apache.catalina.core.StandardService startInternal
信息: Starting service Catalina
九月 15, 2017 6:32:18 上午 org.apache.catalina.core.StandardEngine startInternal
信息: Starting Servlet Engine: Apache Tomcat/7.0.73
九月 15, 2017 6:32:18 上午 org.apache.catalina.startup.HostConfig deployWAR
信息: Deploying web application archive F:\Program Files (x86)\study\util\开发工具\dubbo\dubbo-admin-tomcat-7.0.73\webapps\dubbo-admin-2.5.5.war
九月 15, 2017 6:32:24 上午 org.apache.catalina.startup.TldConfig execute
信息: At least one JAR was scanned for TLDs yet contained no TLDs. Enable debug logging for this logger for a complete list of JARs that were scanned but no TLDs were found in them. Skipping unneeded JARs during scanning can improve startup time and JSP compilation time.
九月 15, 2017 6:32:58 上午 org.apache.catalina.startup.HostConfig deployWAR
信息: Deployment of web application archive F:\Program Files (x86)\study\util\开发工具\dubbo\dubbo-admin-tomcat-7.0.73\webapps\dubbo-admin-2.5.5.war has finished in 39,465 ms
九月 15, 2017 6:32:58 上午 org.apache.catalina.startup.HostConfig deployDirectory
信息: Deploying web application directory F:\Program Files (x86)\study\util\开发工具\dubbo\dubbo-admin-tomcat-7.0.73\webapps\docs
九月 15, 2017 6:32:58 上午 org.apache.catalina.startup.HostConfig deployDirectory
信息: Deployment of web application directory F:\Program Files (x86)\study\util\开发工具\dubbo\dubbo-admin-tomcat-7.0.73\webapps\docs has finished in 143 ms
九月 15, 2017 6:32:58 上午 org.apache.catalina.startup.HostConfig deployDirectory
信息: Deploying web application directory F:\Program Files (x86)\study\util\开发工具\dubbo\dubbo-admin-tomcat-7.0.73\webapps\examples
九月 15, 2017 6:32:59 上午 org.apache.catalina.startup.HostConfig deployDirectory
信息: Deployment of web application directory F:\Program Files (x86)\study\util\开发工具\dubbo\dubbo-admin-tomcat-7.0.73\webapps\examples has finished in 490 ms
九月 15, 2017 6:32:59 上午 org.apache.catalina.startup.HostConfig deployDirectory
信息: Deploying web application directory F:\Program Files (x86)\study\util\开发工具\dubbo\dubbo-admin-tomcat-7.0.73\webapps\host-manager
九月 15, 2017 6:32:59 上午 org.apache.catalina.startup.HostConfig deployDirectory
信息: Deployment of web application directory F:\Program Files (x86)\study\util\开发工具\dubbo\dubbo-admin-tomcat-7.0.73\webapps\host-manager has finished in 120 ms
九月 15, 2017 6:32:59 上午 org.apache.catalina.startup.HostConfig deployDirectory
信息: Deploying web application directory F:\Program Files (x86)\study\util\开发工具\dubbo\dubbo-admin-tomcat-7.0.73\webapps\manager
九月 15, 2017 6:32:59 上午 org.apache.catalina.startup.HostConfig deployDirectory
信息: Deployment of web application directory F:\Program Files (x86)\study\util\开发工具\dubbo\dubbo-admin-tomcat-7.0.73\webapps\manager has finished in 93 ms
九月 15, 2017 6:32:59 上午 org.apache.catalina.startup.HostConfig deployDirectory
信息: Deploying web application directory F:\Program Files (x86)\study\util\开发工具\dubbo\dubbo-admin-tomcat-7.0.73\webapps\ROOT
九月 15, 2017 6:32:59 上午 org.apache.catalina.startup.HostConfig deployDirectory
信息: Deployment of web application directory F:\Program Files (x86)\study\util\开发工具\dubbo\dubbo-admin-tomcat-7.0.73\webapps\ROOT has finished in 95 ms
九月 15, 2017 6:32:59 上午 org.apache.coyote.AbstractProtocol start
信息: Starting ProtocolHandler ["http-apr-8191"]
九月 15, 2017 6:32:59 上午 org.apache.coyote.AbstractProtocol start
信息: Starting ProtocolHandler ["ajp-apr-8009"]
九月 15, 2017 6:32:59 上午 org.apache.catalina.startup.Catalina start
信息: Server startup in 40605 ms
九月 15, 2017 6:53:27 上午 org.apache.catalina.core.StandardServer await
警告: StandardServer.await: Invalid command '' received
九月 15, 2017 6:57:51 上午 org.apache.catalina.core.StandardServer await
警告: StandardServer.await: Invalid command '' received
