九月 14, 2017 11:47:03 下午 org.apache.catalina.startup.VersionLoggerListener log
信息: Server version:        Apache Tomcat/7.0.73
九月 14, 2017 11:47:03 下午 org.apache.catalina.startup.VersionLoggerListener log
信息: Server built:          Nov 7 2016 21:27:23 UTC
九月 14, 2017 11:47:03 下午 org.apache.catalina.startup.VersionLoggerListener log
信息: Server number:         7.0.73.0
九月 14, 2017 11:47:03 下午 org.apache.catalina.startup.VersionLoggerListener log
信息: OS Name:               Windows 10
九月 14, 2017 11:47:03 下午 org.apache.catalina.startup.VersionLoggerListener log
信息: OS Version:            10.0
九月 14, 2017 11:47:03 下午 org.apache.catalina.startup.VersionLoggerListener log
信息: Architecture:          amd64
九月 14, 2017 11:47:03 下午 org.apache.catalina.startup.VersionLoggerListener log
信息: Java Home:             C:\Program Files\Java\jdk1.8.0_101\jre
九月 14, 2017 11:47:03 下午 org.apache.catalina.startup.VersionLoggerListener log
信息: JVM Version:           1.8.0_101-b13
九月 14, 2017 11:47:03 下午 org.apache.catalina.startup.VersionLoggerListener log
信息: JVM Vendor:            Oracle Corporation
九月 14, 2017 11:47:03 下午 org.apache.catalina.startup.VersionLoggerListener log
信息: CATALINA_BASE:         F:\Program Files (x86)\study\util\开发工具\dubbo\dubbo-admin-tomcat-7.0.73
九月 14, 2017 11:47:03 下午 org.apache.catalina.startup.VersionLoggerListener log
信息: CATALINA_HOME:         F:\Program Files (x86)\study\util\开发工具\dubbo\dubbo-admin-tomcat-7.0.73
九月 14, 2017 11:47:03 下午 org.apache.catalina.startup.VersionLoggerListener log
信息: Command line argument: -Djdk.tls.ephemeralDHKeySize=2048
九月 14, 2017 11:47:03 下午 org.apache.catalina.startup.VersionLoggerListener log
信息: Command line argument: -Djava.util.logging.config.file=F:\Program Files (x86)\study\util\开发工具\dubbo\dubbo-admin-tomcat-7.0.73\conf\logging.properties
九月 14, 2017 11:47:03 下午 org.apache.catalina.startup.VersionLoggerListener log
信息: Command line argument: -Djava.util.logging.manager=org.apache.juli.ClassLoaderLogManager
九月 14, 2017 11:47:03 下午 org.apache.catalina.startup.VersionLoggerListener log
信息: Command line argument: -Djava.endorsed.dirs=F:\Program Files (x86)\study\util\开发工具\dubbo\dubbo-admin-tomcat-7.0.73\endorsed
九月 14, 2017 11:47:03 下午 org.apache.catalina.startup.VersionLoggerListener log
信息: Command line argument: -Dcatalina.base=F:\Program Files (x86)\study\util\开发工具\dubbo\dubbo-admin-tomcat-7.0.73
九月 14, 2017 11:47:03 下午 org.apache.catalina.startup.VersionLoggerListener log
信息: Command line argument: -Dcatalina.home=F:\Program Files (x86)\study\util\开发工具\dubbo\dubbo-admin-tomcat-7.0.73
九月 14, 2017 11:47:03 下午 org.apache.catalina.startup.VersionLoggerListener log
信息: Command line argument: -Djava.io.tmpdir=F:\Program Files (x86)\study\util\开发工具\dubbo\dubbo-admin-tomcat-7.0.73\temp
九月 14, 2017 11:47:03 下午 org.apache.catalina.core.AprLifecycleListener lifecycleEvent
信息: Loaded APR based Apache Tomcat Native library 1.2.10 using APR version 1.5.2.
九月 14, 2017 11:47:03 下午 org.apache.catalina.core.AprLifecycleListener lifecycleEvent
信息: APR capabilities: IPv6 [true], sendfile [true], accept filters [false], random [true].
九月 14, 2017 11:47:04 下午 org.apache.catalina.core.AprLifecycleListener initializeSSL
信息: OpenSSL successfully initialized (OpenSSL 1.0.2j  26 Sep 2016)
九月 14, 2017 11:47:04 下午 org.apache.coyote.AbstractProtocol init
信息: Initializing ProtocolHandler ["http-apr-8191"]
九月 14, 2017 11:47:04 下午 org.apache.coyote.AbstractProtocol init
信息: Initializing ProtocolHandler ["ajp-apr-8009"]
九月 14, 2017 11:47:04 下午 org.apache.catalina.startup.Catalina load
信息: Initialization processed in 2231 ms
九月 14, 2017 11:47:04 下午 org.apache.catalina.core.StandardService startInternal
信息: Starting service Catalina
九月 14, 2017 11:47:04 下午 org.apache.catalina.core.StandardEngine startInternal
信息: Starting Servlet Engine: Apache Tomcat/7.0.73
九月 14, 2017 11:47:04 下午 org.apache.catalina.startup.HostConfig deployWAR
信息: Deploying web application archive F:\Program Files (x86)\study\util\开发工具\dubbo\dubbo-admin-tomcat-7.0.73\webapps\dubbo-admin-2.5.5.war
九月 14, 2017 11:47:11 下午 org.apache.catalina.startup.TldConfig execute
信息: At least one JAR was scanned for TLDs yet contained no TLDs. Enable debug logging for this logger for a complete list of JARs that were scanned but no TLDs were found in them. Skipping unneeded JARs during scanning can improve startup time and JSP compilation time.
九月 14, 2017 11:47:40 下午 org.apache.catalina.startup.HostConfig deployWAR
信息: Deployment of web application archive F:\Program Files (x86)\study\util\开发工具\dubbo\dubbo-admin-tomcat-7.0.73\webapps\dubbo-admin-2.5.5.war has finished in 36,140 ms
九月 14, 2017 11:47:40 下午 org.apache.catalina.startup.HostConfig deployDirectory
信息: Deploying web application directory F:\Program Files (x86)\study\util\开发工具\dubbo\dubbo-admin-tomcat-7.0.73\webapps\docs
九月 14, 2017 11:47:40 下午 org.apache.catalina.startup.HostConfig deployDirectory
信息: Deployment of web application directory F:\Program Files (x86)\study\util\开发工具\dubbo\dubbo-admin-tomcat-7.0.73\webapps\docs has finished in 69 ms
九月 14, 2017 11:47:40 下午 org.apache.catalina.startup.HostConfig deployDirectory
信息: Deploying web application directory F:\Program Files (x86)\study\util\开发工具\dubbo\dubbo-admin-tomcat-7.0.73\webapps\examples
九月 14, 2017 11:47:41 下午 org.apache.catalina.startup.HostConfig deployDirectory
信息: Deployment of web application directory F:\Program Files (x86)\study\util\开发工具\dubbo\dubbo-admin-tomcat-7.0.73\webapps\examples has finished in 385 ms
九月 14, 2017 11:47:41 下午 org.apache.catalina.startup.HostConfig deployDirectory
信息: Deploying web application directory F:\Program Files (x86)\study\util\开发工具\dubbo\dubbo-admin-tomcat-7.0.73\webapps\host-manager
九月 14, 2017 11:47:41 下午 org.apache.catalina.startup.HostConfig deployDirectory
信息: Deployment of web application directory F:\Program Files (x86)\study\util\开发工具\dubbo\dubbo-admin-tomcat-7.0.73\webapps\host-manager has finished in 100 ms
九月 14, 2017 11:47:41 下午 org.apache.catalina.startup.HostConfig deployDirectory
信息: Deploying web application directory F:\Program Files (x86)\study\util\开发工具\dubbo\dubbo-admin-tomcat-7.0.73\webapps\manager
九月 14, 2017 11:47:41 下午 org.apache.catalina.startup.HostConfig deployDirectory
信息: Deployment of web application directory F:\Program Files (x86)\study\util\开发工具\dubbo\dubbo-admin-tomcat-7.0.73\webapps\manager has finished in 85 ms
九月 14, 2017 11:47:41 下午 org.apache.catalina.startup.HostConfig deployDirectory
信息: Deploying web application directory F:\Program Files (x86)\study\util\开发工具\dubbo\dubbo-admin-tomcat-7.0.73\webapps\ROOT
九月 14, 2017 11:47:41 下午 org.apache.catalina.startup.HostConfig deployDirectory
信息: Deployment of web application directory F:\Program Files (x86)\study\util\开发工具\dubbo\dubbo-admin-tomcat-7.0.73\webapps\ROOT has finished in 61 ms
九月 14, 2017 11:47:41 下午 org.apache.coyote.AbstractProtocol start
信息: Starting ProtocolHandler ["http-apr-8191"]
九月 14, 2017 11:47:41 下午 org.apache.coyote.AbstractProtocol start
信息: Starting ProtocolHandler ["ajp-apr-8009"]
九月 14, 2017 11:47:41 下午 org.apache.catalina.startup.Catalina start
信息: Server startup in 37004 ms
九月 14, 2017 11:52:31 下午 org.apache.coyote.AbstractProtocol pause
信息: Pausing ProtocolHandler ["http-apr-8191"]
九月 14, 2017 11:53:46 下午 org.apache.catalina.startup.VersionLoggerListener log
信息: Server version:        Apache Tomcat/7.0.73
九月 14, 2017 11:53:46 下午 org.apache.catalina.startup.VersionLoggerListener log
信息: Server built:          Nov 7 2016 21:27:23 UTC
九月 14, 2017 11:53:46 下午 org.apache.catalina.startup.VersionLoggerListener log
信息: Server number:         7.0.73.0
九月 14, 2017 11:53:46 下午 org.apache.catalina.startup.VersionLoggerListener log
信息: OS Name:               Windows 10
九月 14, 2017 11:53:46 下午 org.apache.catalina.startup.VersionLoggerListener log
信息: OS Version:            10.0
九月 14, 2017 11:53:46 下午 org.apache.catalina.startup.VersionLoggerListener log
信息: Architecture:          amd64
九月 14, 2017 11:53:46 下午 org.apache.catalina.startup.VersionLoggerListener log
信息: Java Home:             C:\Program Files\Java\jdk1.8.0_101\jre
九月 14, 2017 11:53:46 下午 org.apache.catalina.startup.VersionLoggerListener log
信息: JVM Version:           1.8.0_101-b13
九月 14, 2017 11:53:46 下午 org.apache.catalina.startup.VersionLoggerListener log
信息: JVM Vendor:            Oracle Corporation
九月 14, 2017 11:53:46 下午 org.apache.catalina.startup.VersionLoggerListener log
信息: CATALINA_BASE:         F:\Program Files (x86)\study\util\开发工具\dubbo\dubbo-admin-tomcat-7.0.73
九月 14, 2017 11:53:46 下午 org.apache.catalina.startup.VersionLoggerListener log
信息: CATALINA_HOME:         F:\Program Files (x86)\study\util\开发工具\dubbo\dubbo-admin-tomcat-7.0.73
九月 14, 2017 11:53:46 下午 org.apache.catalina.startup.VersionLoggerListener log
信息: Command line argument: -Djdk.tls.ephemeralDHKeySize=2048
九月 14, 2017 11:53:46 下午 org.apache.catalina.startup.VersionLoggerListener log
信息: Command line argument: -Djava.util.logging.config.file=F:\Program Files (x86)\study\util\开发工具\dubbo\dubbo-admin-tomcat-7.0.73\conf\logging.properties
九月 14, 2017 11:53:46 下午 org.apache.catalina.startup.VersionLoggerListener log
信息: Command line argument: -Djava.util.logging.manager=org.apache.juli.ClassLoaderLogManager
九月 14, 2017 11:53:46 下午 org.apache.catalina.startup.VersionLoggerListener log
信息: Command line argument: -Djava.endorsed.dirs=F:\Program Files (x86)\study\util\开发工具\dubbo\dubbo-admin-tomcat-7.0.73\endorsed
九月 14, 2017 11:53:46 下午 org.apache.catalina.startup.VersionLoggerListener log
信息: Command line argument: -Dcatalina.base=F:\Program Files (x86)\study\util\开发工具\dubbo\dubbo-admin-tomcat-7.0.73
九月 14, 2017 11:53:46 下午 org.apache.catalina.startup.VersionLoggerListener log
信息: Command line argument: -Dcatalina.home=F:\Program Files (x86)\study\util\开发工具\dubbo\dubbo-admin-tomcat-7.0.73
九月 14, 2017 11:53:46 下午 org.apache.catalina.startup.VersionLoggerListener log
信息: Command line argument: -Djava.io.tmpdir=F:\Program Files (x86)\study\util\开发工具\dubbo\dubbo-admin-tomcat-7.0.73\temp
九月 14, 2017 11:53:46 下午 org.apache.catalina.core.AprLifecycleListener lifecycleEvent
信息: Loaded APR based Apache Tomcat Native library 1.2.10 using APR version 1.5.2.
九月 14, 2017 11:53:46 下午 org.apache.catalina.core.AprLifecycleListener lifecycleEvent
信息: APR capabilities: IPv6 [true], sendfile [true], accept filters [false], random [true].
九月 14, 2017 11:53:47 下午 org.apache.catalina.core.AprLifecycleListener initializeSSL
信息: OpenSSL successfully initialized (OpenSSL 1.0.2j  26 Sep 2016)
九月 14, 2017 11:53:47 下午 org.apache.coyote.AbstractProtocol init
信息: Initializing ProtocolHandler ["http-apr-8191"]
九月 14, 2017 11:53:47 下午 org.apache.coyote.AbstractProtocol init
信息: Initializing ProtocolHandler ["ajp-apr-8009"]
九月 14, 2017 11:53:47 下午 org.apache.catalina.startup.Catalina load
信息: Initialization processed in 2323 ms
九月 14, 2017 11:53:47 下午 org.apache.catalina.core.StandardService startInternal
信息: Starting service Catalina
九月 14, 2017 11:53:47 下午 org.apache.catalina.core.StandardEngine startInternal
信息: Starting Servlet Engine: Apache Tomcat/7.0.73
九月 14, 2017 11:53:47 下午 org.apache.catalina.startup.HostConfig deployWAR
信息: Deploying web application archive F:\Program Files (x86)\study\util\开发工具\dubbo\dubbo-admin-tomcat-7.0.73\webapps\dubbo-admin-2.5.5.war
九月 14, 2017 11:53:53 下午 org.apache.catalina.startup.TldConfig execute
信息: At least one JAR was scanned for TLDs yet contained no TLDs. Enable debug logging for this logger for a complete list of JARs that were scanned but no TLDs were found in them. Skipping unneeded JARs during scanning can improve startup time and JSP compilation time.
九月 14, 2017 11:54:36 下午 org.apache.catalina.startup.HostConfig deployWAR
信息: Deployment of web application archive F:\Program Files (x86)\study\util\开发工具\dubbo\dubbo-admin-tomcat-7.0.73\webapps\dubbo-admin-2.5.5.war has finished in 48,181 ms
九月 14, 2017 11:54:36 下午 org.apache.catalina.startup.HostConfig deployDirectory
信息: Deploying web application directory F:\Program Files (x86)\study\util\开发工具\dubbo\dubbo-admin-tomcat-7.0.73\webapps\docs
九月 14, 2017 11:54:36 下午 org.apache.catalina.startup.HostConfig deployDirectory
信息: Deployment of web application directory F:\Program Files (x86)\study\util\开发工具\dubbo\dubbo-admin-tomcat-7.0.73\webapps\docs has finished in 274 ms
九月 14, 2017 11:54:36 下午 org.apache.catalina.startup.HostConfig deployDirectory
信息: Deploying web application directory F:\Program Files (x86)\study\util\开发工具\dubbo\dubbo-admin-tomcat-7.0.73\webapps\examples
九月 14, 2017 11:54:37 下午 org.apache.catalina.startup.HostConfig deployDirectory
信息: Deployment of web application directory F:\Program Files (x86)\study\util\开发工具\dubbo\dubbo-admin-tomcat-7.0.73\webapps\examples has finished in 904 ms
九月 14, 2017 11:54:37 下午 org.apache.catalina.startup.HostConfig deployDirectory
信息: Deploying web application directory F:\Program Files (x86)\study\util\开发工具\dubbo\dubbo-admin-tomcat-7.0.73\webapps\host-manager
九月 14, 2017 11:54:37 下午 org.apache.catalina.startup.HostConfig deployDirectory
信息: Deployment of web application directory F:\Program Files (x86)\study\util\开发工具\dubbo\dubbo-admin-tomcat-7.0.73\webapps\host-manager has finished in 185 ms
九月 14, 2017 11:54:37 下午 org.apache.catalina.startup.HostConfig deployDirectory
信息: Deploying web application directory F:\Program Files (x86)\study\util\开发工具\dubbo\dubbo-admin-tomcat-7.0.73\webapps\manager
九月 14, 2017 11:54:37 下午 org.apache.catalina.startup.HostConfig deployDirectory
信息: Deployment of web application directory F:\Program Files (x86)\study\util\开发工具\dubbo\dubbo-admin-tomcat-7.0.73\webapps\manager has finished in 177 ms
九月 14, 2017 11:54:37 下午 org.apache.catalina.startup.HostConfig deployDirectory
信息: Deploying web application directory F:\Program Files (x86)\study\util\开发工具\dubbo\dubbo-admin-tomcat-7.0.73\webapps\ROOT
九月 14, 2017 11:54:37 下午 org.apache.catalina.startup.HostConfig deployDirectory
信息: Deployment of web application directory F:\Program Files (x86)\study\util\开发工具\dubbo\dubbo-admin-tomcat-7.0.73\webapps\ROOT has finished in 192 ms
九月 14, 2017 11:54:37 下午 org.apache.coyote.AbstractProtocol start
信息: Starting ProtocolHandler ["http-apr-8191"]
九月 14, 2017 11:54:38 下午 org.apache.coyote.AbstractProtocol start
信息: Starting ProtocolHandler ["ajp-apr-8009"]
九月 14, 2017 11:54:38 下午 org.apache.catalina.startup.Catalina start
信息: Server startup in 50309 ms
九月 14, 2017 11:56:31 下午 org.apache.catalina.startup.VersionLoggerListener log
信息: Server version:        Apache Tomcat/7.0.73
九月 14, 2017 11:56:31 下午 org.apache.catalina.startup.VersionLoggerListener log
信息: Server built:          Nov 7 2016 21:27:23 UTC
九月 14, 2017 11:56:31 下午 org.apache.catalina.startup.VersionLoggerListener log
信息: Server number:         7.0.73.0
九月 14, 2017 11:56:31 下午 org.apache.catalina.startup.VersionLoggerListener log
信息: OS Name:               Windows 10
九月 14, 2017 11:56:31 下午 org.apache.catalina.startup.VersionLoggerListener log
信息: OS Version:            10.0
九月 14, 2017 11:56:31 下午 org.apache.catalina.startup.VersionLoggerListener log
信息: Architecture:          amd64
九月 14, 2017 11:56:31 下午 org.apache.catalina.startup.VersionLoggerListener log
信息: Java Home:             C:\Program Files\Java\jdk1.8.0_101\jre
九月 14, 2017 11:56:31 下午 org.apache.catalina.startup.VersionLoggerListener log
信息: JVM Version:           1.8.0_101-b13
九月 14, 2017 11:56:31 下午 org.apache.catalina.startup.VersionLoggerListener log
信息: JVM Vendor:            Oracle Corporation
九月 14, 2017 11:56:31 下午 org.apache.catalina.startup.VersionLoggerListener log
信息: CATALINA_BASE:         F:\Program Files (x86)\study\util\开发工具\dubbo\dubbo-admin-tomcat-7.0.73
九月 14, 2017 11:56:31 下午 org.apache.catalina.startup.VersionLoggerListener log
信息: CATALINA_HOME:         F:\Program Files (x86)\study\util\开发工具\dubbo\dubbo-admin-tomcat-7.0.73
九月 14, 2017 11:56:31 下午 org.apache.catalina.startup.VersionLoggerListener log
信息: Command line argument: -Djdk.tls.ephemeralDHKeySize=2048
九月 14, 2017 11:56:31 下午 org.apache.catalina.startup.VersionLoggerListener log
信息: Command line argument: -Djava.util.logging.config.file=F:\Program Files (x86)\study\util\开发工具\dubbo\dubbo-admin-tomcat-7.0.73\conf\logging.properties
九月 14, 2017 11:56:31 下午 org.apache.catalina.startup.VersionLoggerListener log
信息: Command line argument: -Djava.util.logging.manager=org.apache.juli.ClassLoaderLogManager
九月 14, 2017 11:56:31 下午 org.apache.catalina.startup.VersionLoggerListener log
信息: Command line argument: -Djava.endorsed.dirs=F:\Program Files (x86)\study\util\开发工具\dubbo\dubbo-admin-tomcat-7.0.73\endorsed
九月 14, 2017 11:56:31 下午 org.apache.catalina.startup.VersionLoggerListener log
信息: Command line argument: -Dcatalina.base=F:\Program Files (x86)\study\util\开发工具\dubbo\dubbo-admin-tomcat-7.0.73
九月 14, 2017 11:56:31 下午 org.apache.catalina.startup.VersionLoggerListener log
信息: Command line argument: -Dcatalina.home=F:\Program Files (x86)\study\util\开发工具\dubbo\dubbo-admin-tomcat-7.0.73
九月 14, 2017 11:56:31 下午 org.apache.catalina.startup.VersionLoggerListener log
信息: Command line argument: -Djava.io.tmpdir=F:\Program Files (x86)\study\util\开发工具\dubbo\dubbo-admin-tomcat-7.0.73\temp
九月 14, 2017 11:56:31 下午 org.apache.catalina.core.AprLifecycleListener lifecycleEvent
信息: Loaded APR based Apache Tomcat Native library 1.2.10 using APR version 1.5.2.
九月 14, 2017 11:56:31 下午 org.apache.catalina.core.AprLifecycleListener lifecycleEvent
信息: APR capabilities: IPv6 [true], sendfile [true], accept filters [false], random [true].
九月 14, 2017 11:56:32 下午 org.apache.catalina.core.AprLifecycleListener initializeSSL
信息: OpenSSL successfully initialized (OpenSSL 1.0.2j  26 Sep 2016)
九月 14, 2017 11:56:33 下午 org.apache.coyote.AbstractProtocol init
信息: Initializing ProtocolHandler ["http-apr-8191"]
九月 14, 2017 11:56:33 下午 org.apache.coyote.AbstractProtocol init
信息: Initializing ProtocolHandler ["ajp-apr-8009"]
九月 14, 2017 11:56:33 下午 org.apache.catalina.startup.Catalina load
信息: Initialization processed in 2406 ms
九月 14, 2017 11:56:33 下午 org.apache.catalina.core.StandardService startInternal
信息: Starting service Catalina
九月 14, 2017 11:56:33 下午 org.apache.catalina.core.StandardEngine startInternal
信息: Starting Servlet Engine: Apache Tomcat/7.0.73
九月 14, 2017 11:56:33 下午 org.apache.catalina.startup.HostConfig deployWAR
信息: Deploying web application archive F:\Program Files (x86)\study\util\开发工具\dubbo\dubbo-admin-tomcat-7.0.73\webapps\dubbo-admin-2.5.5.war
九月 14, 2017 11:56:38 下午 org.apache.catalina.startup.TldConfig execute
信息: At least one JAR was scanned for TLDs yet contained no TLDs. Enable debug logging for this logger for a complete list of JARs that were scanned but no TLDs were found in them. Skipping unneeded JARs during scanning can improve startup time and JSP compilation time.
九月 14, 2017 11:57:11 下午 org.apache.catalina.startup.HostConfig deployWAR
信息: Deployment of web application archive F:\Program Files (x86)\study\util\开发工具\dubbo\dubbo-admin-tomcat-7.0.73\webapps\dubbo-admin-2.5.5.war has finished in 38,432 ms
九月 14, 2017 11:57:11 下午 org.apache.catalina.startup.HostConfig deployDirectory
信息: Deploying web application directory F:\Program Files (x86)\study\util\开发工具\dubbo\dubbo-admin-tomcat-7.0.73\webapps\docs
九月 14, 2017 11:57:11 下午 org.apache.catalina.startup.HostConfig deployDirectory
信息: Deployment of web application directory F:\Program Files (x86)\study\util\开发工具\dubbo\dubbo-admin-tomcat-7.0.73\webapps\docs has finished in 66 ms
九月 14, 2017 11:57:11 下午 org.apache.catalina.startup.HostConfig deployDirectory
信息: Deploying web application directory F:\Program Files (x86)\study\util\开发工具\dubbo\dubbo-admin-tomcat-7.0.73\webapps\examples
九月 14, 2017 11:57:12 下午 org.apache.catalina.startup.HostConfig deployDirectory
信息: Deployment of web application directory F:\Program Files (x86)\study\util\开发工具\dubbo\dubbo-admin-tomcat-7.0.73\webapps\examples has finished in 384 ms
九月 14, 2017 11:57:12 下午 org.apache.catalina.startup.HostConfig deployDirectory
信息: Deploying web application directory F:\Program Files (x86)\study\util\开发工具\dubbo\dubbo-admin-tomcat-7.0.73\webapps\host-manager
九月 14, 2017 11:57:12 下午 org.apache.catalina.startup.HostConfig deployDirectory
信息: Deployment of web application directory F:\Program Files (x86)\study\util\开发工具\dubbo\dubbo-admin-tomcat-7.0.73\webapps\host-manager has finished in 64 ms
九月 14, 2017 11:57:12 下午 org.apache.catalina.startup.HostConfig deployDirectory
信息: Deploying web application directory F:\Program Files (x86)\study\util\开发工具\dubbo\dubbo-admin-tomcat-7.0.73\webapps\manager
九月 14, 2017 11:57:12 下午 org.apache.catalina.startup.HostConfig deployDirectory
信息: Deployment of web application directory F:\Program Files (x86)\study\util\开发工具\dubbo\dubbo-admin-tomcat-7.0.73\webapps\manager has finished in 99 ms
九月 14, 2017 11:57:12 下午 org.apache.catalina.startup.HostConfig deployDirectory
信息: Deploying web application directory F:\Program Files (x86)\study\util\开发工具\dubbo\dubbo-admin-tomcat-7.0.73\webapps\ROOT
九月 14, 2017 11:57:12 下午 org.apache.catalina.startup.HostConfig deployDirectory
信息: Deployment of web application directory F:\Program Files (x86)\study\util\开发工具\dubbo\dubbo-admin-tomcat-7.0.73\webapps\ROOT has finished in 96 ms
九月 14, 2017 11:57:12 下午 org.apache.coyote.AbstractProtocol start
信息: Starting ProtocolHandler ["http-apr-8191"]
九月 14, 2017 11:57:12 下午 org.apache.coyote.AbstractProtocol start
信息: Starting ProtocolHandler ["ajp-apr-8009"]
九月 14, 2017 11:57:12 下午 org.apache.catalina.startup.Catalina start
信息: Server startup in 39368 ms
