九月 14, 2017 11:47:11 下午 org.apache.catalina.core.ApplicationContext log
信息: No Spring WebApplicationInitializer types detected on classpath
九月 14, 2017 11:47:11 下午 org.apache.catalina.core.ApplicationContext log
信息: Initializing log4j system
九月 14, 2017 11:47:11 下午 org.apache.catalina.core.ApplicationContext log
信息: Initializing Spring root WebApplicationContext
九月 14, 2017 11:47:27 下午 org.apache.catalina.core.ApplicationContext log
信息: Initializing Spring sub WebApplicationContext: sysmanage
九月 14, 2017 11:47:30 下午 org.apache.catalina.core.ApplicationContext log
信息: Initializing Spring sub WebApplicationContext: sysinfo
九月 14, 2017 11:47:33 下午 org.apache.catalina.core.ApplicationContext log
信息: Initializing Spring sub WebApplicationContext: personal
九月 14, 2017 11:47:35 下午 org.apache.catalina.core.ApplicationContext log
信息: Initializing Spring sub WebApplicationContext: governance
九月 14, 2017 11:47:38 下午 org.apache.catalina.core.ApplicationContext log
信息: Initializing Spring sub WebApplicationContext: home
九月 14, 2017 11:47:40 下午 org.apache.catalina.core.ApplicationContext log
信息: WebxComponents: initialization completed
九月 14, 2017 11:47:40 下午 org.apache.catalina.core.ApplicationContext log
信息: Initializing filter: webx
九月 14, 2017 11:47:40 下午 org.apache.catalina.core.ApplicationContext log
信息: WebxFrameworkFilter - webx: initialization completed
九月 14, 2017 11:47:40 下午 org.apache.catalina.core.ApplicationContext log
信息: Initializing filter: mdc
九月 14, 2017 11:47:40 下午 org.apache.catalina.core.ApplicationContext log
信息: SetLoggingContextFilter - mdc: initialization completed
九月 14, 2017 11:47:41 下午 org.apache.catalina.core.ApplicationContext log
信息: ContextListener: contextInitialized()
九月 14, 2017 11:47:41 下午 org.apache.catalina.core.ApplicationContext log
信息: SessionListener: contextInitialized()
九月 14, 2017 11:47:41 下午 org.apache.catalina.core.ApplicationContext log
信息: ContextListener: attributeAdded('org.apache.jasper.compiler.TldLocationsCache', 'org.apache.jasper.compiler.TldLocationsCache@75e4b291')
九月 14, 2017 11:53:53 下午 org.apache.catalina.core.ApplicationContext log
信息: No Spring WebApplicationInitializer types detected on classpath
九月 14, 2017 11:53:53 下午 org.apache.catalina.core.ApplicationContext log
信息: Initializing log4j system
九月 14, 2017 11:53:53 下午 org.apache.catalina.core.ApplicationContext log
信息: Initializing Spring root WebApplicationContext
九月 14, 2017 11:54:11 下午 org.apache.catalina.core.ApplicationContext log
信息: Initializing Spring sub WebApplicationContext: sysmanage
九月 14, 2017 11:54:17 下午 org.apache.catalina.core.ApplicationContext log
信息: Initializing Spring sub WebApplicationContext: sysinfo
九月 14, 2017 11:54:21 下午 org.apache.catalina.core.ApplicationContext log
信息: Initializing Spring sub WebApplicationContext: personal
九月 14, 2017 11:54:26 下午 org.apache.catalina.core.ApplicationContext log
信息: Initializing Spring sub WebApplicationContext: governance
九月 14, 2017 11:54:30 下午 org.apache.catalina.core.ApplicationContext log
信息: Initializing Spring sub WebApplicationContext: home
九月 14, 2017 11:54:35 下午 org.apache.catalina.core.ApplicationContext log
信息: WebxComponents: initialization completed
九月 14, 2017 11:54:35 下午 org.apache.catalina.core.ApplicationContext log
信息: Initializing filter: webx
九月 14, 2017 11:54:35 下午 org.apache.catalina.core.ApplicationContext log
信息: WebxFrameworkFilter - webx: initialization completed
九月 14, 2017 11:54:35 下午 org.apache.catalina.core.ApplicationContext log
信息: Initializing filter: mdc
九月 14, 2017 11:54:35 下午 org.apache.catalina.core.ApplicationContext log
信息: SetLoggingContextFilter - mdc: initialization completed
九月 14, 2017 11:54:37 下午 org.apache.catalina.core.ApplicationContext log
信息: ContextListener: contextInitialized()
九月 14, 2017 11:54:37 下午 org.apache.catalina.core.ApplicationContext log
信息: SessionListener: contextInitialized()
九月 14, 2017 11:54:37 下午 org.apache.catalina.core.ApplicationContext log
信息: ContextListener: attributeAdded('org.apache.jasper.compiler.TldLocationsCache', 'org.apache.jasper.compiler.TldLocationsCache@42f7a839')
九月 14, 2017 11:56:39 下午 org.apache.catalina.core.ApplicationContext log
信息: No Spring WebApplicationInitializer types detected on classpath
九月 14, 2017 11:56:39 下午 org.apache.catalina.core.ApplicationContext log
信息: Initializing log4j system
九月 14, 2017 11:56:39 下午 org.apache.catalina.core.ApplicationContext log
信息: Initializing Spring root WebApplicationContext
九月 14, 2017 11:56:55 下午 org.apache.catalina.core.ApplicationContext log
信息: Initializing Spring sub WebApplicationContext: sysmanage
九月 14, 2017 11:56:59 下午 org.apache.catalina.core.ApplicationContext log
信息: Initializing Spring sub WebApplicationContext: sysinfo
九月 14, 2017 11:57:02 下午 org.apache.catalina.core.ApplicationContext log
信息: Initializing Spring sub WebApplicationContext: personal
九月 14, 2017 11:57:05 下午 org.apache.catalina.core.ApplicationContext log
信息: Initializing Spring sub WebApplicationContext: governance
九月 14, 2017 11:57:08 下午 org.apache.catalina.core.ApplicationContext log
信息: Initializing Spring sub WebApplicationContext: home
九月 14, 2017 11:57:11 下午 org.apache.catalina.core.ApplicationContext log
信息: WebxComponents: initialization completed
九月 14, 2017 11:57:11 下午 org.apache.catalina.core.ApplicationContext log
信息: Initializing filter: webx
九月 14, 2017 11:57:11 下午 org.apache.catalina.core.ApplicationContext log
信息: WebxFrameworkFilter - webx: initialization completed
九月 14, 2017 11:57:11 下午 org.apache.catalina.core.ApplicationContext log
信息: Initializing filter: mdc
九月 14, 2017 11:57:11 下午 org.apache.catalina.core.ApplicationContext log
信息: SetLoggingContextFilter - mdc: initialization completed
九月 14, 2017 11:57:12 下午 org.apache.catalina.core.ApplicationContext log
信息: ContextListener: contextInitialized()
九月 14, 2017 11:57:12 下午 org.apache.catalina.core.ApplicationContext log
信息: SessionListener: contextInitialized()
九月 14, 2017 11:57:12 下午 org.apache.catalina.core.ApplicationContext log
信息: ContextListener: attributeAdded('org.apache.jasper.compiler.TldLocationsCache', 'org.apache.jasper.compiler.TldLocationsCache@34e1afaf')
