九月 15, 2017 4:15:23 上午 org.apache.catalina.core.ApplicationContext log
信息: No Spring WebApplicationInitializer types detected on classpath
九月 15, 2017 4:15:23 上午 org.apache.catalina.core.ApplicationContext log
信息: Initializing log4j system
九月 15, 2017 4:15:24 上午 org.apache.catalina.core.ApplicationContext log
信息: Initializing Spring root WebApplicationContext
九月 15, 2017 4:15:52 上午 org.apache.catalina.core.ApplicationContext log
信息: Initializing Spring sub WebApplicationContext: sysmanage
九月 15, 2017 4:16:01 上午 org.apache.catalina.core.ApplicationContext log
信息: Initializing Spring sub WebApplicationContext: sysinfo
九月 15, 2017 4:16:07 上午 org.apache.catalina.core.ApplicationContext log
信息: Initializing Spring sub WebApplicationContext: personal
九月 15, 2017 4:16:14 上午 org.apache.catalina.core.ApplicationContext log
信息: Initializing Spring sub WebApplicationContext: governance
九月 15, 2017 4:16:21 上午 org.apache.catalina.core.ApplicationContext log
信息: Initializing Spring sub WebApplicationContext: home
九月 15, 2017 4:16:25 上午 org.apache.catalina.core.ApplicationContext log
信息: WebxComponents: initialization completed
九月 15, 2017 4:16:25 上午 org.apache.catalina.core.ApplicationContext log
信息: Initializing filter: webx
九月 15, 2017 4:16:25 上午 org.apache.catalina.core.ApplicationContext log
信息: WebxFrameworkFilter - webx: initialization completed
九月 15, 2017 4:16:25 上午 org.apache.catalina.core.ApplicationContext log
信息: Initializing filter: mdc
九月 15, 2017 4:16:25 上午 org.apache.catalina.core.ApplicationContext log
信息: SetLoggingContextFilter - mdc: initialization completed
九月 15, 2017 4:16:26 上午 org.apache.catalina.core.ApplicationContext log
信息: ContextListener: contextInitialized()
九月 15, 2017 4:16:26 上午 org.apache.catalina.core.ApplicationContext log
信息: SessionListener: contextInitialized()
九月 15, 2017 4:16:26 上午 org.apache.catalina.core.ApplicationContext log
信息: ContextListener: attributeAdded('org.apache.jasper.compiler.TldLocationsCache', 'org.apache.jasper.compiler.TldLocationsCache@186db89c')
九月 15, 2017 5:03:10 上午 org.apache.catalina.core.ApplicationContext log
信息: No Spring WebApplicationInitializer types detected on classpath
九月 15, 2017 5:03:10 上午 org.apache.catalina.core.ApplicationContext log
信息: Initializing log4j system
九月 15, 2017 5:03:11 上午 org.apache.catalina.core.ApplicationContext log
信息: Initializing Spring root WebApplicationContext
九月 15, 2017 5:03:33 上午 org.apache.catalina.core.ApplicationContext log
信息: Initializing Spring sub WebApplicationContext: sysmanage
九月 15, 2017 5:03:40 上午 org.apache.catalina.core.ApplicationContext log
信息: Initializing Spring sub WebApplicationContext: sysinfo
九月 15, 2017 5:03:44 上午 org.apache.catalina.core.ApplicationContext log
信息: Initializing Spring sub WebApplicationContext: personal
九月 15, 2017 5:03:48 上午 org.apache.catalina.core.ApplicationContext log
信息: Initializing Spring sub WebApplicationContext: governance
九月 15, 2017 5:03:51 上午 org.apache.catalina.core.ApplicationContext log
信息: Initializing Spring sub WebApplicationContext: home
九月 15, 2017 5:03:55 上午 org.apache.catalina.core.ApplicationContext log
信息: WebxComponents: initialization completed
九月 15, 2017 5:03:55 上午 org.apache.catalina.core.ApplicationContext log
信息: Initializing filter: webx
九月 15, 2017 5:03:55 上午 org.apache.catalina.core.ApplicationContext log
信息: WebxFrameworkFilter - webx: initialization completed
九月 15, 2017 5:03:55 上午 org.apache.catalina.core.ApplicationContext log
信息: Initializing filter: mdc
九月 15, 2017 5:03:55 上午 org.apache.catalina.core.ApplicationContext log
信息: SetLoggingContextFilter - mdc: initialization completed
九月 15, 2017 5:03:56 上午 org.apache.catalina.core.ApplicationContext log
信息: ContextListener: contextInitialized()
九月 15, 2017 5:03:56 上午 org.apache.catalina.core.ApplicationContext log
信息: SessionListener: contextInitialized()
九月 15, 2017 5:03:56 上午 org.apache.catalina.core.ApplicationContext log
信息: ContextListener: attributeAdded('org.apache.jasper.compiler.TldLocationsCache', 'org.apache.jasper.compiler.TldLocationsCache@4aa20c4a')
九月 15, 2017 6:27:26 上午 org.apache.catalina.core.ApplicationContext log
信息: No Spring WebApplicationInitializer types detected on classpath
九月 15, 2017 6:27:26 上午 org.apache.catalina.core.ApplicationContext log
信息: Initializing log4j system
九月 15, 2017 6:27:26 上午 org.apache.catalina.core.ApplicationContext log
信息: Initializing Spring root WebApplicationContext
九月 15, 2017 6:32:25 上午 org.apache.catalina.core.ApplicationContext log
信息: No Spring WebApplicationInitializer types detected on classpath
九月 15, 2017 6:32:25 上午 org.apache.catalina.core.ApplicationContext log
信息: Initializing log4j system
九月 15, 2017 6:32:25 上午 org.apache.catalina.core.ApplicationContext log
信息: Initializing Spring root WebApplicationContext
九月 15, 2017 6:32:41 上午 org.apache.catalina.core.ApplicationContext log
信息: Initializing Spring sub WebApplicationContext: sysmanage
九月 15, 2017 6:32:45 上午 org.apache.catalina.core.ApplicationContext log
信息: Initializing Spring sub WebApplicationContext: sysinfo
九月 15, 2017 6:32:48 上午 org.apache.catalina.core.ApplicationContext log
信息: Initializing Spring sub WebApplicationContext: personal
九月 15, 2017 6:32:52 上午 org.apache.catalina.core.ApplicationContext log
信息: Initializing Spring sub WebApplicationContext: governance
九月 15, 2017 6:32:55 上午 org.apache.catalina.core.ApplicationContext log
信息: Initializing Spring sub WebApplicationContext: home
九月 15, 2017 6:32:58 上午 org.apache.catalina.core.ApplicationContext log
信息: WebxComponents: initialization completed
九月 15, 2017 6:32:58 上午 org.apache.catalina.core.ApplicationContext log
信息: Initializing filter: webx
九月 15, 2017 6:32:58 上午 org.apache.catalina.core.ApplicationContext log
信息: WebxFrameworkFilter - webx: initialization completed
九月 15, 2017 6:32:58 上午 org.apache.catalina.core.ApplicationContext log
信息: Initializing filter: mdc
九月 15, 2017 6:32:58 上午 org.apache.catalina.core.ApplicationContext log
信息: SetLoggingContextFilter - mdc: initialization completed
九月 15, 2017 6:32:59 上午 org.apache.catalina.core.ApplicationContext log
信息: ContextListener: contextInitialized()
九月 15, 2017 6:32:59 上午 org.apache.catalina.core.ApplicationContext log
信息: SessionListener: contextInitialized()
九月 15, 2017 6:32:59 上午 org.apache.catalina.core.ApplicationContext log
信息: ContextListener: attributeAdded('org.apache.jasper.compiler.TldLocationsCache', 'org.apache.jasper.compiler.TldLocationsCache@34e1afaf')
